<?xml version="1.0" encoding="UTF-8"?>
<!-- Generated by org.testng.reporters.JUnitXMLReporter -->
<testsuite ignored="0" hostname="DESKTOP-H3LN0IJ" failures="0" tests="4" name="Default test" time="128.942" errors="0" timestamp="2023-02-19T14:44:40 CST">
  <testcase classname="com.pom.qa.testcases.LoginPageTest" name="pomImageTest" time="6.23"/>
  <testcase classname="com.pom.qa.testcases.LoginPageTest" name="pomTextTest" time="3.848"/>
  <testcase classname="com.pom.qa.testcases.LoginPageTest" name="loginTest" time="2.964"/>
  <testcase classname="com.pom.qa.testcases.LoginPageTest" name="loginPageTitleTest" time="3.019"/>
</testsuite> <!-- Default test -->
