<?xml version="1.0" encoding="UTF-8"?>
<testng-results ignored="9" total="10" passed="1" failed="0" skipped="0">
  <reporter-output>
  </reporter-output>
  <suite started-at="2023-02-21T18:58:22 CST" name="POMTest by groups" finished-at="2023-02-21T18:59:16 CST" duration-ms="54657">
    <groups>
      <group name="init2">
        <method signature="HomePageTest.click_Sealy_Test()[pri:10, instance:com.pom.qa.testcases.HomePageTest@59af0466]" name="click_Sealy_Test" class="com.pom.qa.testcases.HomePageTest"/>
      </group> <!-- init2 -->
    </groups>
    <test started-at="2023-02-21T18:58:22 CST" name="GRP-init2" finished-at="2023-02-21T18:59:16 CST" duration-ms="54657">
      <class name="com.pom.qa.testcases.HomePageTest">
        <test-method is-config="true" signature="setUp()[pri:0, instance:com.pom.qa.testcases.HomePageTest@59af0466]" started-at="2023-02-21T18:58:22 CST" name="setUp" finished-at="2023-02-21T18:59:07 CST" duration-ms="44908" status="PASS">
          <reporter-output>
          </reporter-output>
        </test-method> <!-- setUp -->
        <test-method signature="click_Sealy_Test()[pri:10, instance:com.pom.qa.testcases.HomePageTest@59af0466]" started-at="2023-02-21T18:59:07 CST" name="click_Sealy_Test" finished-at="2023-02-21T18:59:10 CST" duration-ms="3854" status="PASS">
          <reporter-output>
          </reporter-output>
        </test-method> <!-- click_Sealy_Test -->
        <test-method is-config="true" signature="tearDown()[pri:0, instance:com.pom.qa.testcases.HomePageTest@59af0466]" started-at="2023-02-21T18:59:10 CST" name="tearDown" finished-at="2023-02-21T18:59:16 CST" duration-ms="5820" status="PASS">
          <reporter-output>
          </reporter-output>
        </test-method> <!-- tearDown -->
      </class> <!-- com.pom.qa.testcases.HomePageTest -->
    </test> <!-- GRP-init2 -->
  </suite> <!-- POMTest by groups -->
</testng-results>
