<?xml version="1.0" encoding="UTF-8"?>
<!-- Generated by org.testng.reporters.JUnitXMLReporter -->
<testsuite ignored="0" hostname="DESKTOP-H3LN0IJ" failures="0" tests="4" name="POMTest Test Cases" time="129.229" errors="0" timestamp="2023-02-14T20:02:36 CST">
  <testcase classname="com.pom.qa.testcases.LoginPageTest" name="pomImageTest" time="5.268"/>
  <testcase classname="com.pom.qa.testcases.LoginPageTest" name="pomTextTest" time="0.678"/>
  <testcase classname="com.pom.qa.testcases.LoginPageTest" name="loginTest" time="4.436"/>
  <testcase classname="com.pom.qa.testcases.LoginPageTest" name="loginPageTitleTest" time="3.02"/>
</testsuite> <!-- POMTest Test Cases -->
