<?xml version="1.0" encoding="UTF-8"?>
<!-- Generated by org.testng.reporters.JUnitXMLReporter -->
<testsuite ignored="1" hostname="DESKTOP-H3LN0IJ" failures="0" tests="1" name="GRP-init4" time="42.393" errors="0" timestamp="2023-02-06T19:10:25 CST">
  <testcase classname="com.pom.qa.testcases.OrderhistoryPageTest" name="pressbacktohome_btn" time="5.054"/>
  <testcase classname="com.pom.qa.testcases.OrderhistoryPageTest" name="validateOrderhistorylabelTest" time="0.0">
    <ignored/>
  </testcase> <!-- validateOrderhistorylabelTest -->
</testsuite> <!-- GRP-init4 -->
