<?xml version="1.0" encoding="UTF-8"?>
<!-- Generated by org.testng.reporters.JUnitXMLReporter -->
<testsuite ignored="1" hostname="DESKTOP-H3LN0IJ" failures="0" tests="1" name="GRP-init6" time="86.365" errors="0" timestamp="2023-02-13T18:00:10 CST">
  <testcase classname="com.pom.qa.testcases.AddressesPageTest" name="pressaddaddress_btn" time="32.606"/>
  <testcase classname="com.pom.qa.testcases.AddressesPageTest" name="validateAddresseslabelTest" time="0.0">
    <ignored/>
  </testcase> <!-- validateAddresseslabelTest -->
</testsuite> <!-- GRP-init6 -->
