<?xml version="1.0" encoding="UTF-8"?>
<!-- Generated by org.testng.reporters.JUnitXMLReporter -->
<testsuite ignored="9" hostname="DESKTOP-H3LN0IJ" failures="0" tests="1" name="GRP-init2" time="29.321" errors="0" timestamp="2023-02-07T19:19:55 CST">
  <testcase classname="com.pom.qa.testcases.HomePageTest" name="click_Sealy_Test" time="3.619"/>
  <testcase classname="com.pom.qa.testcases.HomePageTest" name="clickwishlistlinkTest" time="0.0">
    <ignored/>
  </testcase> <!-- clickwishlistlinkTest -->
  <testcase classname="com.pom.qa.testcases.HomePageTest" name="clickprofileTest" time="0.0">
    <ignored/>
  </testcase> <!-- clickprofileTest -->
  <testcase classname="com.pom.qa.testcases.HomePageTest" name="clickaddresseslinkTest" time="0.0">
    <ignored/>
  </testcase> <!-- clickaddresseslinkTest -->
  <testcase classname="com.pom.qa.testcases.HomePageTest" name="clickcreditcardslinkTest" time="0.0">
    <ignored/>
  </testcase> <!-- clickcreditcardslinkTest -->
  <testcase classname="com.pom.qa.testcases.HomePageTest" name="pomsignoutTest" time="0.0">
    <ignored/>
  </testcase> <!-- pomsignoutTest -->
  <testcase classname="com.pom.qa.testcases.HomePageTest" name="clickorderhistorylinkTest" time="0.0">
    <ignored/>
  </testcase> <!-- clickorderhistorylinkTest -->
  <testcase classname="com.pom.qa.testcases.HomePageTest" name="clickupdatepasswordlinkTest" time="0.0">
    <ignored/>
  </testcase> <!-- clickupdatepasswordlinkTest -->
  <testcase classname="com.pom.qa.testcases.HomePageTest" name="verifyHomePageTitleTest" time="0.0">
    <ignored/>
  </testcase> <!-- verifyHomePageTitleTest -->
  <testcase classname="com.pom.qa.testcases.HomePageTest" name="pommyaccountTest" time="0.0">
    <ignored/>
  </testcase> <!-- pommyaccountTest -->
</testsuite> <!-- GRP-init2 -->
