<?xml version="1.0" encoding="UTF-8"?>
<!-- Generated by org.testng.reporters.JUnitXMLReporter -->
<testsuite ignored="3" hostname="DESKTOP-H3LN0IJ" failures="0" tests="1" name="GRP-one" time="23.477" errors="0" timestamp="2023-02-03T16:39:53 CST">
  <testcase classname="com.pom.qa.testcases.LoginPageTest" name="pomImageTest" time="0.768"/>
  <testcase classname="com.pom.qa.testcases.LoginPageTest" name="loginPageTitleTest" time="0.0">
    <ignored/>
  </testcase> <!-- loginPageTitleTest -->
  <testcase classname="com.pom.qa.testcases.LoginPageTest" name="loginTest" time="0.0">
    <ignored/>
  </testcase> <!-- loginTest -->
  <testcase classname="com.pom.qa.testcases.LoginPageTest" name="pomTextTest" time="0.0">
    <ignored/>
  </testcase> <!-- pomTextTest -->
</testsuite> <!-- GRP-one -->
