<?xml version="1.0" encoding="UTF-8"?>
<!-- Generated by org.testng.reporters.JUnitXMLReporter -->
<testsuite ignored="8" hostname="DESKTOP-H3LN0IJ" failures="0" tests="1" name="GRP-init3" time="36.892" errors="0" timestamp="2023-02-10T14:56:03 CST">
  <testcase classname="com.pom.qa.testcases.ProfilePageTest" name="updateprofileTest" time="8.499"/>
  <testcase classname="com.pom.qa.testcases.ProfilePageTest" name="VerifyfnamefieldTest" time="0.0">
    <ignored/>
  </testcase> <!-- VerifyfnamefieldTest -->
  <testcase classname="com.pom.qa.testcases.ProfilePageTest" name="presssavechanges_btn" time="0.0">
    <ignored/>
  </testcase> <!-- presssavechanges_btn -->
  <testcase classname="com.pom.qa.testcases.ProfilePageTest" name="selectcheckbox_1" time="0.0">
    <ignored/>
  </testcase> <!-- selectcheckbox_1 -->
  <testcase classname="com.pom.qa.testcases.ProfilePageTest" name="selectcheckbox_2" time="0.0">
    <ignored/>
  </testcase> <!-- selectcheckbox_2 -->
  <testcase classname="com.pom.qa.testcases.ProfilePageTest" name="presscancel_btn" time="0.0">
    <ignored/>
  </testcase> <!-- presscancel_btn -->
  <testcase classname="com.pom.qa.testcases.ProfilePageTest" name="VerifyemailfieldTest" time="0.0">
    <ignored/>
  </testcase> <!-- VerifyemailfieldTest -->
  <testcase classname="com.pom.qa.testcases.ProfilePageTest" name="VerifylnamefieldTest" time="0.0">
    <ignored/>
  </testcase> <!-- VerifylnamefieldTest -->
  <testcase classname="com.pom.qa.testcases.ProfilePageTest" name="validateProfilelabelTest" time="0.0">
    <ignored/>
  </testcase> <!-- validateProfilelabelTest -->
</testsuite> <!-- GRP-init3 -->
